android/app/build/intermediates/manifest_merge_blame_file/release/manifest-merger-blame-release-report.txt
1<?xml version="1.0" encoding="utf-8"?>
2<manifest xmlns:android="http://schemas.android.com/apk/res/android"
3    package="com.bhep_mobile_demo_v1"
4    android:versionCode="1"
5    android:versionName="1.0" >
6
7    <uses-sdk
8        android:minSdkVersion="21"
8-->src/main/AndroidManifest.xml
9        android:targetSdkVersion="33" />
9-->src/main/AndroidManifest.xml
10
11    <uses-permission android:name="android.permission.INTERNET" />
11-->src/main/AndroidManifest.xml:3:5-67
11-->src/main/AndroidManifest.xml:3:22-64
12    <uses-permission android:name="android.permission.ACCESS_NETWORK_STATE" />
12-->src/main/AndroidManifest.xml:4:5-79
12-->src/main/AndroidManifest.xml:4:22-76
13    <uses-permission android:name="android.permission.CAMERA" />
13-->src/main/AndroidManifest.xml:5:5-64
13-->src/main/AndroidManifest.xml:5:22-62
14    <uses-permission android:name="android.permission.READ_MEDIA_IMAGES" />
14-->src/main/AndroidManifest.xml:6:5-75
14-->src/main/AndroidManifest.xml:6:22-73
15
16    <uses-feature
16-->src/main/AndroidManifest.xml:7:5-85
17        android:name="android.hardware.camera"
17-->src/main/AndroidManifest.xml:7:19-57
18        android:required="false" />
18-->src/main/AndroidManifest.xml:7:58-82
19    <uses-feature
19-->src/main/AndroidManifest.xml:8:5-91
20        android:name="android.hardware.camera.front"
20-->src/main/AndroidManifest.xml:8:19-63
21        android:required="false" />
21-->src/main/AndroidManifest.xml:8:64-88
22
23    <uses-permission android:name="android.permission.ACCESS_COARSE_LOCATION" />
23-->src/main/AndroidManifest.xml:9:5-81
23-->src/main/AndroidManifest.xml:9:22-78
24    <uses-permission android:name="android.permission.ACCESS_FINE_LOCATION" />
24-->src/main/AndroidManifest.xml:10:5-79
24-->src/main/AndroidManifest.xml:10:22-76
25
26    <queries>
26-->[:react-native-image-crop-picker] AndroidManifest.xml:9:5-13:15
27        <intent>
27-->[:react-native-image-crop-picker] AndroidManifest.xml:10:9-12:18
28            <action android:name="android.media.action.IMAGE_CAPTURE" />
28-->[:react-native-image-crop-picker] AndroidManifest.xml:11:13-73
28-->[:react-native-image-crop-picker] AndroidManifest.xml:11:21-70
29        </intent>
30    </queries>
31
32    <uses-permission android:name="android.permission.WRITE_EXTERNAL_STORAGE" /> <!-- Required by older versions of Google Play services to create IID tokens -->
32-->[:react-native-image-crop-picker] AndroidManifest.xml:15:5-81
32-->[:react-native-image-crop-picker] AndroidManifest.xml:15:22-78
33    <uses-permission android:name="com.google.android.c2dm.permission.RECEIVE" /> <!-- required for API 18 - 30 -->
33-->[com.google.android.gms:play-services-iid:17.0.0] AndroidManifest.xml:23:5-82
33-->[com.google.android.gms:play-services-iid:17.0.0] AndroidManifest.xml:23:22-79
34    <uses-permission
34-->[com.polidea.rxandroidble2:rxandroidble:1.17.2] AndroidManifest.xml:10:5-12:38
35        android:name="android.permission.BLUETOOTH"
35-->[com.polidea.rxandroidble2:rxandroidble:1.17.2] AndroidManifest.xml:11:9-52
36        android:maxSdkVersion="30" />
36-->[com.polidea.rxandroidble2:rxandroidble:1.17.2] AndroidManifest.xml:12:9-35
37    <uses-permission
37-->[com.polidea.rxandroidble2:rxandroidble:1.17.2] AndroidManifest.xml:13:5-15:38
38        android:name="android.permission.BLUETOOTH_ADMIN"
38-->[com.polidea.rxandroidble2:rxandroidble:1.17.2] AndroidManifest.xml:14:9-58
39        android:maxSdkVersion="30" /> <!-- required for API 23 - 30, no android:maxSdkVersion because of a potential breaking change -->
39-->[com.polidea.rxandroidble2:rxandroidble:1.17.2] AndroidManifest.xml:15:9-35
40    <!-- TODO: add android:maxSdkVersion on 2.0.0 -->
41    <uses-permission-sdk-23 android:name="android.permission.ACCESS_COARSE_LOCATION" />
41-->[com.polidea.rxandroidble2:rxandroidble:1.17.2] AndroidManifest.xml:18:5-88
41-->[com.polidea.rxandroidble2:rxandroidble:1.17.2] AndroidManifest.xml:18:29-85
42    <uses-permission-sdk-23 android:name="android.permission.ACCESS_FINE_LOCATION" /> <!-- API 31+ -->
42-->[com.polidea.rxandroidble2:rxandroidble:1.17.2] AndroidManifest.xml:19:5-86
42-->[com.polidea.rxandroidble2:rxandroidble:1.17.2] AndroidManifest.xml:19:29-83
43    <uses-permission android:name="android.permission.BLUETOOTH_CONNECT" />
43-->[com.polidea.rxandroidble2:rxandroidble:1.17.2] AndroidManifest.xml:21:5-76
43-->[com.polidea.rxandroidble2:rxandroidble:1.17.2] AndroidManifest.xml:21:22-73
44    <uses-permission
44-->[com.polidea.rxandroidble2:rxandroidble:1.17.2] AndroidManifest.xml:22:5-25:31
45        android:name="android.permission.BLUETOOTH_SCAN"
45-->[com.polidea.rxandroidble2:rxandroidble:1.17.2] AndroidManifest.xml:23:9-57
46        android:usesPermissionFlags="neverForLocation" />
46-->[com.polidea.rxandroidble2:rxandroidble:1.17.2] AndroidManifest.xml:24:9-55
47    <uses-permission android:name="com.google.android.finsky.permission.BIND_GET_INSTALL_REFERRER_SERVICE" />
47-->[com.android.installreferrer:installreferrer:1.1.2] AndroidManifest.xml:9:5-110
47-->[com.android.installreferrer:installreferrer:1.1.2] AndroidManifest.xml:9:22-107
48
49    <application
49-->src/main/AndroidManifest.xml:11:5-31:19
50        android:name="com.bhep_mobile_demo_v1.MainApplication"
50-->src/main/AndroidManifest.xml:12:7-38
51        android:allowBackup="false"
51-->src/main/AndroidManifest.xml:16:7-34
52        android:appComponentFactory="androidx.core.app.CoreComponentFactory"
52-->[androidx.core:core:1.8.0] AndroidManifest.xml:24:18-86
53        android:icon="@mipmap/ic_launcher"
53-->src/main/AndroidManifest.xml:14:7-41
54        android:label="@string/app_name"
54-->src/main/AndroidManifest.xml:13:7-39
55        android:roundIcon="@mipmap/ic_launcher_round"
55-->src/main/AndroidManifest.xml:15:7-52
56        android:theme="@style/AppTheme" >
56-->src/main/AndroidManifest.xml:17:7-38
57        <activity
57-->src/main/AndroidManifest.xml:18:7-30:18
58            android:name="com.bhep_mobile_demo_v1.MainActivity"
58-->src/main/AndroidManifest.xml:19:9-37
59            android:configChanges="keyboard|keyboardHidden|orientation|screenLayout|screenSize|smallestScreenSize|uiMode"
59-->src/main/AndroidManifest.xml:21:9-118
60            android:enableOnBackInvokedCallback="true"
60-->src/main/AndroidManifest.xml:24:9-51
61            android:exported="true"
61-->src/main/AndroidManifest.xml:25:9-32
62            android:label="@string/app_name"
62-->src/main/AndroidManifest.xml:20:9-41
63            android:launchMode="singleTask"
63-->src/main/AndroidManifest.xml:22:9-40
64            android:windowSoftInputMode="adjustResize" >
64-->src/main/AndroidManifest.xml:23:9-51
65            <intent-filter>
65-->src/main/AndroidManifest.xml:26:9-29:25
66                <action android:name="android.intent.action.MAIN" />
66-->src/main/AndroidManifest.xml:27:13-65
66-->src/main/AndroidManifest.xml:27:21-62
67
68                <category android:name="android.intent.category.LAUNCHER" />
68-->src/main/AndroidManifest.xml:28:13-73
68-->src/main/AndroidManifest.xml:28:23-70
69            </intent-filter>
70        </activity>
71
72        <provider
72-->[:react-native-image-crop-picker] AndroidManifest.xml:18:9-26:20
73            android:name="com.reactnative.ivpusic.imagepicker.IvpusicImagePickerFileProvider"
73-->[:react-native-image-crop-picker] AndroidManifest.xml:19:13-94
74            android:authorities="com.bhep_mobile_demo_v1.provider"
74-->[:react-native-image-crop-picker] AndroidManifest.xml:20:13-60
75            android:exported="false"
75-->[:react-native-image-crop-picker] AndroidManifest.xml:21:13-37
76            android:grantUriPermissions="true" >
76-->[:react-native-image-crop-picker] AndroidManifest.xml:22:13-47
77            <meta-data
77-->[:react-native-image-crop-picker] AndroidManifest.xml:23:13-25:78
78                android:name="android.support.FILE_PROVIDER_PATHS"
78-->[:react-native-image-crop-picker] AndroidManifest.xml:24:17-67
79                android:resource="@xml/ivpusic_imagepicker_provider_paths" />
79-->[:react-native-image-crop-picker] AndroidManifest.xml:25:17-75
80        </provider>
81
82        <activity
82-->[:react-native-image-crop-picker] AndroidManifest.xml:28:9-30:72
83            android:name="com.yalantis.ucrop.UCropActivity"
83-->[:react-native-image-crop-picker] AndroidManifest.xml:29:13-60
84            android:theme="@style/Theme.AppCompat.Light.NoActionBar" />
84-->[:react-native-image-crop-picker] AndroidManifest.xml:30:13-69
85
86        <provider
86-->[:react-native-image-picker] AndroidManifest.xml:10:9-18:20
87            android:name="com.imagepicker.ImagePickerProvider"
87-->[:react-native-image-picker] AndroidManifest.xml:11:13-63
88            android:authorities="com.bhep_mobile_demo_v1.imagepickerprovider"
88-->[:react-native-image-picker] AndroidManifest.xml:12:13-71
89            android:exported="false"
89-->[:react-native-image-picker] AndroidManifest.xml:13:13-37
90            android:grantUriPermissions="true" >
90-->[:react-native-image-picker] AndroidManifest.xml:14:13-47
91            <meta-data
91-->[:react-native-image-crop-picker] AndroidManifest.xml:23:13-25:78
92                android:name="android.support.FILE_PROVIDER_PATHS"
92-->[:react-native-image-crop-picker] AndroidManifest.xml:24:17-67
93                android:resource="@xml/imagepicker_provider_paths" />
93-->[:react-native-image-crop-picker] AndroidManifest.xml:25:17-75
94        </provider>
95        <provider
95-->[:react-native-webview] AndroidManifest.xml:10:9-18:20
96            android:name="com.reactnativecommunity.webview.RNCWebViewFileProvider"
96-->[:react-native-webview] AndroidManifest.xml:11:13-83
97            android:authorities="com.bhep_mobile_demo_v1.fileprovider"
97-->[:react-native-webview] AndroidManifest.xml:12:13-64
98            android:exported="false"
98-->[:react-native-webview] AndroidManifest.xml:13:13-37
99            android:grantUriPermissions="true" >
99-->[:react-native-webview] AndroidManifest.xml:14:13-47
100            <meta-data
100-->[:react-native-image-crop-picker] AndroidManifest.xml:23:13-25:78
101                android:name="android.support.FILE_PROVIDER_PATHS"
101-->[:react-native-image-crop-picker] AndroidManifest.xml:24:17-67
102                android:resource="@xml/file_provider_paths" />
102-->[:react-native-image-crop-picker] AndroidManifest.xml:25:17-75
103        </provider>
104
105        <meta-data
105-->[com.github.bumptech.glide:okhttp3-integration:4.12.0] AndroidManifest.xml:11:9-13:43
106            android:name="com.bumptech.glide.integration.okhttp3.OkHttpGlideModule"
106-->[com.github.bumptech.glide:okhttp3-integration:4.12.0] AndroidManifest.xml:12:13-84
107            android:value="GlideModule" />
107-->[com.github.bumptech.glide:okhttp3-integration:4.12.0] AndroidManifest.xml:13:13-40
108
109        <activity
109-->[com.google.android.gms:play-services-base:17.0.0] AndroidManifest.xml:23:9-26:75
110            android:name="com.google.android.gms.common.api.GoogleApiActivity"
110-->[com.google.android.gms:play-services-base:17.0.0] AndroidManifest.xml:24:13-79
111            android:exported="false"
111-->[com.google.android.gms:play-services-base:17.0.0] AndroidManifest.xml:25:13-37
112            android:theme="@android:style/Theme.Translucent.NoTitleBar" />
112-->[com.google.android.gms:play-services-base:17.0.0] AndroidManifest.xml:26:13-72
113
114        <meta-data
114-->[com.google.android.gms:play-services-basement:17.0.0] AndroidManifest.xml:23:9-25:69
115            android:name="com.google.android.gms.version"
115-->[com.google.android.gms:play-services-basement:17.0.0] AndroidManifest.xml:24:13-58
116            android:value="@integer/google_play_services_version" />
116-->[com.google.android.gms:play-services-basement:17.0.0] AndroidManifest.xml:25:13-66
117
118        <provider
118-->[androidx.emoji2:emoji2:1.2.0] AndroidManifest.xml:24:9-32:20
119            android:name="androidx.startup.InitializationProvider"
119-->[androidx.emoji2:emoji2:1.2.0] AndroidManifest.xml:25:13-67
120            android:authorities="com.bhep_mobile_demo_v1.androidx-startup"
120-->[androidx.emoji2:emoji2:1.2.0] AndroidManifest.xml:26:13-68
121            android:exported="false" >
121-->[androidx.emoji2:emoji2:1.2.0] AndroidManifest.xml:27:13-37
122            <meta-data
122-->[androidx.emoji2:emoji2:1.2.0] AndroidManifest.xml:29:13-31:52
123                android:name="androidx.emoji2.text.EmojiCompatInitializer"
123-->[androidx.emoji2:emoji2:1.2.0] AndroidManifest.xml:30:17-75
124                android:value="androidx.startup" />
124-->[androidx.emoji2:emoji2:1.2.0] AndroidManifest.xml:31:17-49
125            <meta-data
125-->[androidx.lifecycle:lifecycle-process:2.4.1] AndroidManifest.xml:31:13-33:52
126                android:name="androidx.lifecycle.ProcessLifecycleInitializer"
126-->[androidx.lifecycle:lifecycle-process:2.4.1] AndroidManifest.xml:32:17-78
127                android:value="androidx.startup" />
127-->[androidx.lifecycle:lifecycle-process:2.4.1] AndroidManifest.xml:33:17-49
128        </provider>
129    </application>
130
131</manifest>